<?xml version="1.0" encoding="UTF-8"?>
<!-- Generated by org.testng.reporters.JUnitReportReporter -->
<testsuite hostname="USBLRPUJGUPTA7" failures="0" tests="4" name="api.test.UserTests2" time="8.864" errors="0" timestamp="2024-03-15T12:15:14 IST" skipped="0">
  <testcase classname="api.test.UserTests2" name="testPostUser" time="1.785"/>
  <testcase classname="api.test.UserTests2" name="testGETUserByName" time="1.813"/>
  <testcase classname="api.test.UserTests2" name="testUpdateUserByName" time="3.576"/>
  <testcase classname="api.test.UserTests2" name="testdeleteUserByName" time="1.690"/>
</testsuite> <!-- api.test.UserTests2 -->
