<?xml version="1.0" encoding="UTF-8"?>
<!-- Generated by org.testng.reporters.JUnitReportReporter -->
<testsuite hostname="USBLRPUJGUPTA7" failures="0" tests="6" name="api.test.DataDrivenTests" time="11.976" errors="0" timestamp="2024-03-13T16:08:12 IST" skipped="0">
  <testcase classname="api.test.DataDrivenTests" name="testPostUser" time="1.650"/>
  <testcase classname="api.test.DataDrivenTests" name="testPostUser" time="3.684"/>
  <testcase classname="api.test.DataDrivenTests" name="testPostUser" time="1.688"/>
  <testcase classname="api.test.DataDrivenTests" name="testDeleteByUserName" time="1.617"/>
  <testcase classname="api.test.DataDrivenTests" name="testDeleteByUserName" time="1.652"/>
  <testcase classname="api.test.DataDrivenTests" name="testDeleteByUserName" time="1.685"/>
</testsuite> <!-- api.test.DataDrivenTests -->
