<?xml version="1.0" encoding="UTF-8"?>
<!-- Generated by org.testng.reporters.JUnitReportReporter -->
<testsuite hostname="USBLRPUJGUPTA7" failures="0" tests="4" name="api.test.UserTests2" time="9.954" errors="0" timestamp="2024-03-11T08:25:51 IST" skipped="0">
  <testcase classname="api.test.UserTests2" name="testPostUser" time="3.246"/>
  <testcase classname="api.test.UserTests2" name="testGETUserByName" time="1.666"/>
  <testcase classname="api.test.UserTests2" name="testUpdateUserByName" time="3.306"/>
  <testcase classname="api.test.UserTests2" name="testdeleteUserByName" time="1.736"/>
</testsuite> <!-- api.test.UserTests2 -->
