<?xml version="1.0" encoding="UTF-8"?>
<!-- Generated by org.testng.reporters.JUnitReportReporter -->
<testsuite hostname="USBLRPUJGUPTA7" failures="0" tests="4" name="api.test.UserTests" time="16.240" errors="0" timestamp="2024-03-11T07:43:14 IST" skipped="0">
  <testcase classname="api.test.UserTests" name="testPostUser" time="8.602"/>
  <testcase classname="api.test.UserTests" name="testGetUserByName" time="1.809"/>
  <testcase classname="api.test.UserTests" name="testupdateUserByName" time="3.885"/>
  <testcase classname="api.test.UserTests" name="testdeleteUserByName" time="1.944"/>
</testsuite> <!-- api.test.UserTests -->
