<?xml version="1.0" encoding="UTF-8"?>
<!-- Generated by org.testng.reporters.JUnitReportReporter -->
<testsuite hostname="USBLRPUJGUPTA7" failures="0" tests="4" name="api.test.UserTests" time="8.836" errors="0" timestamp="2024-03-11T15:18:32 IST" skipped="0">
  <testcase classname="api.test.UserTests" name="testPostUser" time="3.354"/>
  <testcase classname="api.test.UserTests" name="testGetUserByName" time="1.393"/>
  <testcase classname="api.test.UserTests" name="testupdateUserByName" time="2.820"/>
  <testcase classname="api.test.UserTests" name="testdeleteUserByName" time="1.269"/>
</testsuite> <!-- api.test.UserTests -->
